[2025-01-26 04:03:39] Starting deployment...
[2025-01-26 04:03:39] Creating backup of current state...
[2025-01-26 04:03:39] Pulling latest changes...
[2025-01-26 04:03:41] Setting up backend...
[2025-01-26 04:03:41] Installing Python dependencies...
[2025-01-26 04:03:41] Error occurred in deployment at line 51
[2025-01-26 04:07:09] Starting deployment...
[2025-01-26 04:07:09] Creating backup of current state...
[2025-01-26 04:07:09] Pulling latest changes...
[2025-01-26 04:07:11] Setting up backend...
[2025-01-26 04:07:11] Installing Python dependencies...
[2025-01-26 04:07:12] Running database migrations...
[2025-01-26 04:07:13] Collecting static files...
[2025-01-26 04:07:15] Error occurred in deployment at line 59
[2025-01-27 11:38:59] Setting up backend...
[2025-01-27 11:38:59] Creating static directories...
[2025-01-27 11:38:59] Installing Python dependencies...
[2025-01-27 11:39:00] Running database migrations...
[2025-01-27 11:39:02] Collecting static files...
[2025-01-27 11:39:03] Fixing static files permissions...
[2025-01-27 11:39:03] Setting up frontend...
[2025-01-27 11:39:03] Installing nvm...
[2025-01-27 11:39:05] Setting up environment variables...
[2025-01-27 11:39:05] Installing frontend dependencies...
[2025-01-27 11:39:06] Building frontend...
[2025-01-27 11:39:53] Setting up PM2...
[2025-01-27 11:39:53] Updating PM2 process...
[2025-01-27 11:39:54] Fixing permissions...
[2025-01-27 11:39:54] Restarting services...
[2025-01-27 11:39:54] Restarting Gunicorn...
[2025-01-27 11:39:55] Restarting Nginx...
[2025-01-27 11:39:55] Verifying services...
[2025-01-27 11:39:55] nginx is running
[2025-01-27 11:39:55] gunicorn is running
[2025-01-27 11:39:55] Warning: pm2-ubuntu is not running
[2025-01-27 11:39:55] Cleaning up...
[2025-01-27 11:39:55] Checking application status...
[2025-01-27 11:39:55] Deployment completed successfully!
